
*** Running vivado
    with args -log TopFile.vdi -applog -m64 -product Vivado -messageDb vivado.pb -mode batch -source TopFile.tcl -notrace


ECHO is off.
ECHO is off.

****** Vivado v2023.1 (64-bit)
  **** SW Build 3865809 on Sun May  7 15:05:29 MDT 2023
  **** IP Build 3864474 on Sun May  7 20:36:21 MDT 2023
  **** SharedData Build 3865790 on Sun May 07 13:33:03 MDT 2023
    ** Copyright 1986-2022 Xilinx, Inc. All Rights Reserved.
    ** Copyright 2022-2023 Advanced Micro Devices, Inc. All Rights Reserved.

source TopFile.tcl -notrace
create_project: Time (s): cpu = 00:00:07 ; elapsed = 00:00:07 . Memory (MB): peak = 430.129 ; gain = 162.840
Command: link_design -top TopFile -part xc7a35tcpg236-1
Design is defaulting to srcset: sources_1
Design is defaulting to constrset: constrs_1
INFO: [Device 21-403] Loading part xc7a35tcpg236-1
Netlist sorting complete. Time (s): cpu = 00:00:00 ; elapsed = 00:00:00.004 . Memory (MB): peak = 837.449 ; gain = 0.000
INFO: [Netlist 29-17] Analyzing 25 Unisim elements for replacement
INFO: [Netlist 29-28] Unisim Transformation completed in 0 CPU seconds
INFO: [Project 1-479] Netlist was created with Vivado 2023.1
INFO: [Project 1-570] Preparing netlist for logic optimization
Parsing XDC File [C:/Users/DurkusMaximus/Desktop/Xilinx/ADAC/ADAC.srcs/constrs_1/imports/digilent-xdc-master/Basys-3-Master.xdc]
INFO: [Constraints 18-483] create_clock: no pin(s)/port(s)/net(s) specified as objects, only virtual clock 'extern_clk' will be created. If you don't want this, please specify pin(s)/ports(s)/net(s) as objects to the command. [C:/Users/DurkusMaximus/Desktop/Xilinx/ADAC/ADAC.srcs/constrs_1/imports/digilent-xdc-master/Basys-3-Master.xdc:9]
Finished Parsing XDC File [C:/Users/DurkusMaximus/Desktop/Xilinx/ADAC/ADAC.srcs/constrs_1/imports/digilent-xdc-master/Basys-3-Master.xdc]
INFO: [Opt 31-138] Pushed 0 inverter(s) to 0 load pin(s).
Netlist sorting complete. Time (s): cpu = 00:00:00 ; elapsed = 00:00:00 . Memory (MB): peak = 971.035 ; gain = 0.000
INFO: [Project 1-111] Unisim Transformation Summary:
No Unisim elements were transformed.

8 Infos, 0 Warnings, 0 Critical Warnings and 0 Errors encountered.
link_design completed successfully
link_design: Time (s): cpu = 00:00:07 ; elapsed = 00:00:08 . Memory (MB): peak = 975.062 ; gain = 537.695
Command: opt_design
Attempting to get a license for feature 'Implementation' and/or device 'xc7a35t'
INFO: [Common 17-349] Got license for feature 'Implementation' and/or device 'xc7a35t'
Running DRC as a precondition to command opt_design

Starting DRC Task
INFO: [DRC 23-27] Running DRC with 2 threads
INFO: [Project 1-461] DRC finished with 0 Errors
INFO: [Project 1-462] Please refer to the DRC report (report_drc) for more information.

Time (s): cpu = 00:00:02 ; elapsed = 00:00:01 . Memory (MB): peak = 998.977 ; gain = 23.914

Starting Cache Timing Information Task
INFO: [Constraints 18-483] create_clock: no pin(s)/port(s)/net(s) specified as objects, only virtual clock 'extern_clk' will be created. If you don't want this, please specify pin(s)/ports(s)/net(s) as objects to the command. [C:/Users/DurkusMaximus/Desktop/Xilinx/ADAC/ADAC.srcs/constrs_1/imports/digilent-xdc-master/Basys-3-Master.xdc:9]
INFO: [Timing 38-35] Done setting XDC timing constraints.
Ending Cache Timing Information Task | Checksum: a804b9db

Time (s): cpu = 00:00:08 ; elapsed = 00:00:09 . Memory (MB): peak = 1545.094 ; gain = 546.117

Starting Logic Optimization Task

Phase 1 Retarget
INFO: [Opt 31-138] Pushed 0 inverter(s) to 0 load pin(s).
INFO: [Opt 31-49] Retargeted 0 cell(s).
Phase 1 Retarget | Checksum: 115471466

Time (s): cpu = 00:00:00 ; elapsed = 00:00:00.028 . Memory (MB): peak = 1880.473 ; gain = 0.000
INFO: [Opt 31-389] Phase Retarget created 0 cells and removed 0 cells

Phase 2 Constant propagation
INFO: [Opt 31-138] Pushed 0 inverter(s) to 0 load pin(s).
Phase 2 Constant propagation | Checksum: 115471466

Time (s): cpu = 00:00:00 ; elapsed = 00:00:00.032 . Memory (MB): peak = 1880.473 ; gain = 0.000
INFO: [Opt 31-389] Phase Constant propagation created 0 cells and removed 0 cells

Phase 3 Sweep
Phase 3 Sweep | Checksum: cb3cc179

Time (s): cpu = 00:00:00 ; elapsed = 00:00:00.038 . Memory (MB): peak = 1880.473 ; gain = 0.000
INFO: [Opt 31-389] Phase Sweep created 0 cells and removed 0 cells

Phase 4 BUFG optimization
Phase 4 BUFG optimization | Checksum: cb3cc179

Time (s): cpu = 00:00:00 ; elapsed = 00:00:00.077 . Memory (MB): peak = 1880.473 ; gain = 0.000
INFO: [Opt 31-662] Phase BUFG optimization created 0 cells of which 0 are BUFGs and removed 0 cells.

Phase 5 Shift Register Optimization
INFO: [Opt 31-1064] SRL Remap converted 0 SRLs to 0 registers and converted 0 registers of register chains to 0 SRLs
Phase 5 Shift Register Optimization | Checksum: 1a523e796

Time (s): cpu = 00:00:00 ; elapsed = 00:00:00.099 . Memory (MB): peak = 1880.473 ; gain = 0.000
INFO: [Opt 31-389] Phase Shift Register Optimization created 0 cells and removed 0 cells

Phase 6 Post Processing Netlist
Phase 6 Post Processing Netlist | Checksum: 1a523e796

Time (s): cpu = 00:00:00 ; elapsed = 00:00:00.101 . Memory (MB): peak = 1880.473 ; gain = 0.000
INFO: [Opt 31-389] Phase Post Processing Netlist created 0 cells and removed 0 cells
Opt_design Change Summary
=========================


-------------------------------------------------------------------------------------------------------------------------
|  Phase                        |  #Cells created  |  #Cells Removed  |  #Constrained objects preventing optimizations  |
-------------------------------------------------------------------------------------------------------------------------
|  Retarget                     |               0  |               0  |                                              0  |
|  Constant propagation         |               0  |               0  |                                              0  |
|  Sweep                        |               0  |               0  |                                              0  |
|  BUFG optimization            |               0  |               0  |                                              0  |
|  Shift Register Optimization  |               0  |               0  |                                              0  |
|  Post Processing Netlist      |               0  |               0  |                                              0  |
-------------------------------------------------------------------------------------------------------------------------



Starting Connectivity Check Task

Time (s): cpu = 00:00:00 ; elapsed = 00:00:00.001 . Memory (MB): peak = 1880.473 ; gain = 0.000
Ending Logic Optimization Task | Checksum: 1a523e796

Time (s): cpu = 00:00:00 ; elapsed = 00:00:00.105 . Memory (MB): peak = 1880.473 ; gain = 0.000

Starting Power Optimization Task
INFO: [Pwropt 34-132] Skipping clock gating for clocks with a period < 2.00 ns.
Ending Power Optimization Task | Checksum: 1a523e796

Time (s): cpu = 00:00:00 ; elapsed = 00:00:00.010 . Memory (MB): peak = 1880.473 ; gain = 0.000

Starting Final Cleanup Task
Ending Final Cleanup Task | Checksum: 1a523e796

Time (s): cpu = 00:00:00 ; elapsed = 00:00:00 . Memory (MB): peak = 1880.473 ; gain = 0.000

Starting Netlist Obfuscation Task
Netlist sorting complete. Time (s): cpu = 00:00:00 ; elapsed = 00:00:00 . Memory (MB): peak = 1880.473 ; gain = 0.000
Ending Netlist Obfuscation Task | Checksum: 1a523e796

Time (s): cpu = 00:00:00 ; elapsed = 00:00:00.001 . Memory (MB): peak = 1880.473 ; gain = 0.000
INFO: [Common 17-83] Releasing license: Implementation
26 Infos, 0 Warnings, 0 Critical Warnings and 0 Errors encountered.
opt_design completed successfully
opt_design: Time (s): cpu = 00:00:14 ; elapsed = 00:00:14 . Memory (MB): peak = 1880.473 ; gain = 905.410
INFO: [runtcl-4] Executing : report_drc -file TopFile_drc_opted.rpt -pb TopFile_drc_opted.pb -rpx TopFile_drc_opted.rpx
Command: report_drc -file TopFile_drc_opted.rpt -pb TopFile_drc_opted.pb -rpx TopFile_drc_opted.rpx
INFO: [IP_Flow 19-234] Refreshing IP repositories
INFO: [IP_Flow 19-1704] No user IP repositories specified
INFO: [IP_Flow 19-2313] Loaded Vivado IP repository 'C:/Xilinx/Vivado/2023.1/data/ip'.
INFO: [DRC 23-27] Running DRC with 2 threads
INFO: [Vivado_Tcl 2-168] The results of DRC are in file C:/Users/DurkusMaximus/Desktop/Xilinx/ADAC/ADAC.runs/impl_1/TopFile_drc_opted.rpt.
report_drc completed successfully
INFO: [Timing 38-480] Writing timing data to binary archive.
Writing XDEF routing.
Writing XDEF routing logical nets.
Writing XDEF routing special nets.
Write XDEF Complete: Time (s): cpu = 00:00:00 ; elapsed = 00:00:00.044 . Memory (MB): peak = 1880.473 ; gain = 0.000
INFO: [Common 17-1381] The checkpoint 'C:/Users/DurkusMaximus/Desktop/Xilinx/ADAC/ADAC.runs/impl_1/TopFile_opt.dcp' has been generated.
Command: place_design
Attempting to get a license for feature 'Implementation' and/or device 'xc7a35t'
INFO: [Common 17-349] Got license for feature 'Implementation' and/or device 'xc7a35t'
INFO: [DRC 23-27] Running DRC with 2 threads
INFO: [Vivado_Tcl 4-198] DRC finished with 0 Errors
INFO: [Vivado_Tcl 4-199] Please refer to the DRC report (report_drc) for more information.
Running DRC as a precondition to command place_design
INFO: [DRC 23-27] Running DRC with 2 threads
INFO: [Vivado_Tcl 4-198] DRC finished with 0 Errors
INFO: [Vivado_Tcl 4-199] Please refer to the DRC report (report_drc) for more information.

Starting Placer Task
INFO: [Place 30-611] Multithreading enabled for place_design using a maximum of 2 CPUs

Phase 1 Placer Initialization

Phase 1.1 Placer Initialization Netlist Sorting
Netlist sorting complete. Time (s): cpu = 00:00:00 ; elapsed = 00:00:00 . Memory (MB): peak = 1880.473 ; gain = 0.000
Phase 1.1 Placer Initialization Netlist Sorting | Checksum: 15232fa63

Time (s): cpu = 00:00:00 ; elapsed = 00:00:00.009 . Memory (MB): peak = 1880.473 ; gain = 0.000
Netlist sorting complete. Time (s): cpu = 00:00:00 ; elapsed = 00:00:00 . Memory (MB): peak = 1880.473 ; gain = 0.000

Phase 1.2 IO Placement/ Clock Placement/ Build Placer Device
INFO: [Constraints 18-483] create_clock: no pin(s)/port(s)/net(s) specified as objects, only virtual clock 'extern_clk' will be created. If you don't want this, please specify pin(s)/ports(s)/net(s) as objects to the command. [C:/Users/DurkusMaximus/Desktop/Xilinx/ADAC/ADAC.srcs/constrs_1/imports/digilent-xdc-master/Basys-3-Master.xdc:9]
INFO: [Timing 38-35] Done setting XDC timing constraints.
Phase 1.2 IO Placement/ Clock Placement/ Build Placer Device | Checksum: f1e75c1f

Time (s): cpu = 00:00:00 ; elapsed = 00:00:00.422 . Memory (MB): peak = 1880.473 ; gain = 0.000

Phase 1.3 Build Placer Netlist Model
Phase 1.3 Build Placer Netlist Model | Checksum: 18bcf9d65

Time (s): cpu = 00:00:01 ; elapsed = 00:00:00.664 . Memory (MB): peak = 1880.473 ; gain = 0.000

Phase 1.4 Constrain Clocks/Macros
Phase 1.4 Constrain Clocks/Macros | Checksum: 18bcf9d65

Time (s): cpu = 00:00:01 ; elapsed = 00:00:00.667 . Memory (MB): peak = 1880.473 ; gain = 0.000
Phase 1 Placer Initialization | Checksum: 18bcf9d65

Time (s): cpu = 00:00:01 ; elapsed = 00:00:00.670 . Memory (MB): peak = 1880.473 ; gain = 0.000

Phase 2 Global Placement

Phase 2.1 Floorplanning
Phase 2.1 Floorplanning | Checksum: 1656c04a8

Time (s): cpu = 00:00:01 ; elapsed = 00:00:00.841 . Memory (MB): peak = 1880.473 ; gain = 0.000

Phase 2.2 Update Timing before SLR Path Opt
Phase 2.2 Update Timing before SLR Path Opt | Checksum: 17ce69bac

Time (s): cpu = 00:00:01 ; elapsed = 00:00:00.947 . Memory (MB): peak = 1880.473 ; gain = 0.000

Phase 2.3 Post-Processing in Floorplanning
Phase 2.3 Post-Processing in Floorplanning | Checksum: 17ce69bac

Time (s): cpu = 00:00:01 ; elapsed = 00:00:00.948 . Memory (MB): peak = 1880.473 ; gain = 0.000

Phase 2.4 Global Placement Core

Phase 2.4.1 UpdateTiming Before Physical Synthesis
Phase 2.4.1 UpdateTiming Before Physical Synthesis | Checksum: 13c32326a

Time (s): cpu = 00:00:05 ; elapsed = 00:00:03 . Memory (MB): peak = 1880.473 ; gain = 0.000

Phase 2.4.2 Physical Synthesis In Placer
INFO: [Physopt 32-1035] Found 0 LUTNM shape to break, 5 LUT instances to create LUTNM shape
INFO: [Physopt 32-1044] Break lutnm for timing: one critical 0, two critical 0, total 0, new lutff created 0
INFO: [Physopt 32-1138] End 1 Pass. Optimized 2 nets or LUTs. Breaked 0 LUT, combined 2 existing LUTs and moved 0 existing LUT
INFO: [Physopt 32-65] No nets found for high-fanout optimization.
INFO: [Physopt 32-232] Optimized 0 net. Created 0 new instance.
INFO: [Physopt 32-775] End 1 Pass. Optimized 0 net or cell. Created 0 new cell, deleted 0 existing cell and moved 0 existing cell
INFO: [Physopt 32-670] No setup violation found.  DSP Register Optimization was not performed.
INFO: [Physopt 32-670] No setup violation found.  Shift Register to Pipeline Optimization was not performed.
INFO: [Physopt 32-670] No setup violation found.  Shift Register Optimization was not performed.
INFO: [Physopt 32-670] No setup violation found.  BRAM Register Optimization was not performed.
INFO: [Physopt 32-670] No setup violation found.  URAM Register Optimization was not performed.
INFO: [Physopt 32-949] No candidate nets found for dynamic/static region interface net replication
INFO: [Physopt 32-775] End 1 Pass. Optimized 0 net or cell. Created 0 new cell, deleted 0 existing cell and moved 0 existing cell
Netlist sorting complete. Time (s): cpu = 00:00:00 ; elapsed = 00:00:00.001 . Memory (MB): peak = 1880.473 ; gain = 0.000

Summary of Physical Synthesis Optimizations
============================================


-----------------------------------------------------------------------------------------------------------------------------------------------------------
|  Optimization                                     |  Added Cells  |  Removed Cells  |  Optimized Cells/Nets  |  Dont Touch  |  Iterations  |  Elapsed   |
-----------------------------------------------------------------------------------------------------------------------------------------------------------
|  LUT Combining                                    |            0  |              2  |                     2  |           0  |           1  |  00:00:00  |
|  Retime                                           |            0  |              0  |                     0  |           0  |           1  |  00:00:00  |
|  Very High Fanout                                 |            0  |              0  |                     0  |           0  |           1  |  00:00:00  |
|  DSP Register                                     |            0  |              0  |                     0  |           0  |           0  |  00:00:00  |
|  Shift Register to Pipeline                       |            0  |              0  |                     0  |           0  |           0  |  00:00:00  |
|  Shift Register                                   |            0  |              0  |                     0  |           0  |           0  |  00:00:00  |
|  BRAM Register                                    |            0  |              0  |                     0  |           0  |           0  |  00:00:00  |
|  URAM Register                                    |            0  |              0  |                     0  |           0  |           0  |  00:00:00  |
|  Dynamic/Static Region Interface Net Replication  |            0  |              0  |                     0  |           0  |           1  |  00:00:00  |
|  Total                                            |            0  |              2  |                     2  |           0  |           4  |  00:00:00  |
-----------------------------------------------------------------------------------------------------------------------------------------------------------


Phase 2.4.2 Physical Synthesis In Placer | Checksum: 1550042a1

Time (s): cpu = 00:00:05 ; elapsed = 00:00:03 . Memory (MB): peak = 1880.473 ; gain = 0.000
Phase 2.4 Global Placement Core | Checksum: d45df85c

Time (s): cpu = 00:00:05 ; elapsed = 00:00:03 . Memory (MB): peak = 1880.473 ; gain = 0.000
Phase 2 Global Placement | Checksum: d45df85c

Time (s): cpu = 00:00:05 ; elapsed = 00:00:03 . Memory (MB): peak = 1880.473 ; gain = 0.000

Phase 3 Detail Placement

Phase 3.1 Commit Multi Column Macros
Phase 3.1 Commit Multi Column Macros | Checksum: 12db5a0f5

Time (s): cpu = 00:00:05 ; elapsed = 00:00:03 . Memory (MB): peak = 1880.473 ; gain = 0.000

Phase 3.2 Commit Most Macros & LUTRAMs
Phase 3.2 Commit Most Macros & LUTRAMs | Checksum: 17c5a7221

Time (s): cpu = 00:00:06 ; elapsed = 00:00:04 . Memory (MB): peak = 1880.473 ; gain = 0.000

Phase 3.3 Area Swap Optimization
Phase 3.3 Area Swap Optimization | Checksum: 225ff4b2c

Time (s): cpu = 00:00:06 ; elapsed = 00:00:04 . Memory (MB): peak = 1880.473 ; gain = 0.000

Phase 3.4 Pipeline Register Optimization
Phase 3.4 Pipeline Register Optimization | Checksum: 1681c8b94

Time (s): cpu = 00:00:06 ; elapsed = 00:00:04 . Memory (MB): peak = 1880.473 ; gain = 0.000

Phase 3.5 Small Shape Detail Placement
Phase 3.5 Small Shape Detail Placement | Checksum: 1697cbdfc

Time (s): cpu = 00:00:06 ; elapsed = 00:00:04 . Memory (MB): peak = 1880.473 ; gain = 0.000

Phase 3.6 Re-assign LUT pins
Phase 3.6 Re-assign LUT pins | Checksum: ec3da115

Time (s): cpu = 00:00:06 ; elapsed = 00:00:04 . Memory (MB): peak = 1880.473 ; gain = 0.000

Phase 3.7 Pipeline Register Optimization
Phase 3.7 Pipeline Register Optimization | Checksum: aa9162ad

Time (s): cpu = 00:00:06 ; elapsed = 00:00:04 . Memory (MB): peak = 1880.473 ; gain = 0.000
Phase 3 Detail Placement | Checksum: aa9162ad

Time (s): cpu = 00:00:06 ; elapsed = 00:00:04 . Memory (MB): peak = 1880.473 ; gain = 0.000

Phase 4 Post Placement Optimization and Clean-Up

Phase 4.1 Post Commit Optimization
INFO: [Constraints 18-483] create_clock: no pin(s)/port(s)/net(s) specified as objects, only virtual clock 'extern_clk' will be created. If you don't want this, please specify pin(s)/ports(s)/net(s) as objects to the command. [C:/Users/DurkusMaximus/Desktop/Xilinx/ADAC/ADAC.srcs/constrs_1/imports/digilent-xdc-master/Basys-3-Master.xdc:9]
INFO: [Timing 38-35] Done setting XDC timing constraints.

Phase 4.1.1 Post Placement Optimization
Post Placement Optimization Initialization | Checksum: 11c674174

Phase 4.1.1.1 BUFG Insertion

Starting Physical Synthesis Task

Phase 1 Physical Synthesis Initialization
INFO: [Physopt 32-721] Multithreading enabled for phys_opt_design using a maximum of 2 CPUs
INFO: [Physopt 32-619] Estimated Timing Summary | WNS=5.256 | TNS=0.000 |
Phase 1 Physical Synthesis Initialization | Checksum: 1488cf66f

Time (s): cpu = 00:00:00 ; elapsed = 00:00:00.071 . Memory (MB): peak = 1880.473 ; gain = 0.000
INFO: [Place 46-56] BUFG insertion identified 0 candidate nets. Inserted BUFG: 0, Replicated BUFG Driver: 0, Skipped due to Placement/Routing Conflicts: 0, Skipped due to Timing Degradation: 0, Skipped due to netlist editing failed: 0.
Ending Physical Synthesis Task | Checksum: 1488cf66f

Time (s): cpu = 00:00:00 ; elapsed = 00:00:00.074 . Memory (MB): peak = 1880.473 ; gain = 0.000
Phase 4.1.1.1 BUFG Insertion | Checksum: 11c674174

Time (s): cpu = 00:00:06 ; elapsed = 00:00:04 . Memory (MB): peak = 1880.473 ; gain = 0.000

Phase 4.1.1.2 Post Placement Timing Optimization
INFO: [Place 30-746] Post Placement Timing Summary WNS=5.256. For the most accurate timing information please run report_timing.
Phase 4.1.1.2 Post Placement Timing Optimization | Checksum: 11763892e

Time (s): cpu = 00:00:06 ; elapsed = 00:00:04 . Memory (MB): peak = 1880.473 ; gain = 0.000

Time (s): cpu = 00:00:06 ; elapsed = 00:00:04 . Memory (MB): peak = 1880.473 ; gain = 0.000
Phase 4.1 Post Commit Optimization | Checksum: 11763892e

Time (s): cpu = 00:00:06 ; elapsed = 00:00:04 . Memory (MB): peak = 1880.473 ; gain = 0.000

Phase 4.2 Post Placement Cleanup
Phase 4.2 Post Placement Cleanup | Checksum: 11763892e

Time (s): cpu = 00:00:06 ; elapsed = 00:00:04 . Memory (MB): peak = 1880.473 ; gain = 0.000

Phase 4.3 Placer Reporting

Phase 4.3.1 Print Estimated Congestion
INFO: [Place 30-612] Post-Placement Estimated Congestion 
 ____________________________________________________
|           | Global Congestion | Short Congestion  |
| Direction | Region Size       | Region Size       |
|___________|___________________|___________________|
|      North|                1x1|                1x1|
|___________|___________________|___________________|
|      South|                1x1|                1x1|
|___________|___________________|___________________|
|       East|                1x1|                1x1|
|___________|___________________|___________________|
|       West|                1x1|                1x1|
|___________|___________________|___________________|

Phase 4.3.1 Print Estimated Congestion | Checksum: 11763892e

Time (s): cpu = 00:00:06 ; elapsed = 00:00:04 . Memory (MB): peak = 1880.473 ; gain = 0.000
Phase 4.3 Placer Reporting | Checksum: 11763892e

Time (s): cpu = 00:00:06 ; elapsed = 00:00:04 . Memory (MB): peak = 1880.473 ; gain = 0.000

Phase 4.4 Final Placement Cleanup
Netlist sorting complete. Time (s): cpu = 00:00:00 ; elapsed = 00:00:00 . Memory (MB): peak = 1880.473 ; gain = 0.000

Time (s): cpu = 00:00:06 ; elapsed = 00:00:04 . Memory (MB): peak = 1880.473 ; gain = 0.000
Phase 4 Post Placement Optimization and Clean-Up | Checksum: d5714d60

Time (s): cpu = 00:00:06 ; elapsed = 00:00:04 . Memory (MB): peak = 1880.473 ; gain = 0.000
Ending Placer Task | Checksum: b3a9cd6e

Time (s): cpu = 00:00:06 ; elapsed = 00:00:04 . Memory (MB): peak = 1880.473 ; gain = 0.000
INFO: [Common 17-83] Releasing license: Implementation
65 Infos, 0 Warnings, 0 Critical Warnings and 0 Errors encountered.
place_design completed successfully
place_design: Time (s): cpu = 00:00:09 ; elapsed = 00:00:05 . Memory (MB): peak = 1880.473 ; gain = 0.000
INFO: [runtcl-4] Executing : report_io -file TopFile_io_placed.rpt
report_io: Time (s): cpu = 00:00:01 ; elapsed = 00:00:00.071 . Memory (MB): peak = 1880.473 ; gain = 0.000
INFO: [runtcl-4] Executing : report_utilization -file TopFile_utilization_placed.rpt -pb TopFile_utilization_placed.pb
INFO: [runtcl-4] Executing : report_control_sets -verbose -file TopFile_control_sets_placed.rpt
report_control_sets: Time (s): cpu = 00:00:00 ; elapsed = 00:00:00.002 . Memory (MB): peak = 1880.473 ; gain = 0.000
INFO: [Timing 38-480] Writing timing data to binary archive.
Writing XDEF routing.
Writing XDEF routing logical nets.
Writing XDEF routing special nets.
Write XDEF Complete: Time (s): cpu = 00:00:00 ; elapsed = 00:00:00.067 . Memory (MB): peak = 1880.473 ; gain = 0.000
INFO: [Common 17-1381] The checkpoint 'C:/Users/DurkusMaximus/Desktop/Xilinx/ADAC/ADAC.runs/impl_1/TopFile_placed.dcp' has been generated.
Command: phys_opt_design
Attempting to get a license for feature 'Implementation' and/or device 'xc7a35t'
INFO: [Common 17-349] Got license for feature 'Implementation' and/or device 'xc7a35t'

Starting Initial Update Timing Task

Time (s): cpu = 00:00:00 ; elapsed = 00:00:00.109 . Memory (MB): peak = 1880.473 ; gain = 0.000
INFO: [Vivado_Tcl 4-383] Design worst setup slack (WNS) is greater than or equal to 0.000 ns. Skipping all physical synthesis optimizations.
INFO: [Vivado_Tcl 4-232] No setup violation found. The netlist was not modified.
INFO: [Common 17-83] Releasing license: Implementation
74 Infos, 0 Warnings, 0 Critical Warnings and 0 Errors encountered.
phys_opt_design completed successfully
INFO: [Timing 38-480] Writing timing data to binary archive.
Writing XDEF routing.
Writing XDEF routing logical nets.
Writing XDEF routing special nets.
Write XDEF Complete: Time (s): cpu = 00:00:00 ; elapsed = 00:00:00.066 . Memory (MB): peak = 1897.039 ; gain = 14.879
INFO: [Common 17-1381] The checkpoint 'C:/Users/DurkusMaximus/Desktop/Xilinx/ADAC/ADAC.runs/impl_1/TopFile_physopt.dcp' has been generated.
Command: route_design
Attempting to get a license for feature 'Implementation' and/or device 'xc7a35t'
INFO: [Common 17-349] Got license for feature 'Implementation' and/or device 'xc7a35t'
Running DRC as a precondition to command route_design
INFO: [DRC 23-27] Running DRC with 2 threads
INFO: [Vivado_Tcl 4-198] DRC finished with 0 Errors
INFO: [Vivado_Tcl 4-199] Please refer to the DRC report (report_drc) for more information.


Starting Routing Task
INFO: [Route 35-254] Multithreading enabled for route_design using a maximum of 2 CPUs

Phase 1 Build RT Design
Checksum: PlaceDB: d14e358 ConstDB: 0 ShapeSum: a694ea16 RouteDB: 0
Post Restoration Checksum: NetGraph: 447c73e5 | NumContArr: d3095cc4 | Constraints: 190a55ad | Timing: 0
Phase 1 Build RT Design | Checksum: 130902656

Time (s): cpu = 00:00:46 ; elapsed = 00:00:43 . Memory (MB): peak = 1978.965 ; gain = 68.879

Phase 2 Router Initialization

Phase 2.1 Fix Topology Constraints
Phase 2.1 Fix Topology Constraints | Checksum: 130902656

Time (s): cpu = 00:00:46 ; elapsed = 00:00:43 . Memory (MB): peak = 1978.965 ; gain = 68.879

Phase 2.2 Pre Route Cleanup
Phase 2.2 Pre Route Cleanup | Checksum: 130902656

Time (s): cpu = 00:00:46 ; elapsed = 00:00:43 . Memory (MB): peak = 1978.965 ; gain = 68.879
 Number of Nodes with overlaps = 0

Phase 2.3 Update Timing
Phase 2.3 Update Timing | Checksum: 12b9d99c5

Time (s): cpu = 00:00:46 ; elapsed = 00:00:43 . Memory (MB): peak = 1984.020 ; gain = 73.934
INFO: [Route 35-416] Intermediate Timing Summary | WNS=5.245  | TNS=0.000  | WHS=-0.149 | THS=-2.325 |


Router Utilization Summary
  Global Vertical Routing Utilization    = 0 %
  Global Horizontal Routing Utilization  = 0 %
  Routable Net Status*
  *Does not include unroutable nets such as driverless and loadless.
  Run report_route_status for detailed report.
  Number of Failed Nets               = 332
    (Failed Nets is the sum of unrouted and partially routed nets)
  Number of Unrouted Nets             = 332
  Number of Partially Routed Nets     = 0
  Number of Node Overlaps             = 0

Phase 2 Router Initialization | Checksum: bac610b5

Time (s): cpu = 00:00:46 ; elapsed = 00:00:44 . Memory (MB): peak = 1985.891 ; gain = 75.805

Phase 3 Initial Routing

Phase 3.1 Global Routing
Phase 3.1 Global Routing | Checksum: bac610b5

Time (s): cpu = 00:00:46 ; elapsed = 00:00:44 . Memory (MB): peak = 1985.891 ; gain = 75.805
Phase 3 Initial Routing | Checksum: 10ad260fd

Time (s): cpu = 00:00:47 ; elapsed = 00:00:44 . Memory (MB): peak = 1985.891 ; gain = 75.805

Phase 4 Rip-up And Reroute

Phase 4.1 Global Iteration 0
 Number of Nodes with overlaps = 15
 Number of Nodes with overlaps = 0
INFO: [Route 35-416] Intermediate Timing Summary | WNS=5.582  | TNS=0.000  | WHS=N/A    | THS=N/A    |

Phase 4.1 Global Iteration 0 | Checksum: 1745aebab

Time (s): cpu = 00:00:47 ; elapsed = 00:00:44 . Memory (MB): peak = 1985.891 ; gain = 75.805

Phase 4.2 Global Iteration 1
 Number of Nodes with overlaps = 0
INFO: [Route 35-416] Intermediate Timing Summary | WNS=5.582  | TNS=0.000  | WHS=N/A    | THS=N/A    |

Phase 4.2 Global Iteration 1 | Checksum: 14d28bdbe

Time (s): cpu = 00:00:47 ; elapsed = 00:00:44 . Memory (MB): peak = 1985.891 ; gain = 75.805
Phase 4 Rip-up And Reroute | Checksum: 14d28bdbe

Time (s): cpu = 00:00:47 ; elapsed = 00:00:44 . Memory (MB): peak = 1985.891 ; gain = 75.805

Phase 5 Delay and Skew Optimization

Phase 5.1 Delay CleanUp
Phase 5.1 Delay CleanUp | Checksum: 14d28bdbe

Time (s): cpu = 00:00:47 ; elapsed = 00:00:44 . Memory (MB): peak = 1985.891 ; gain = 75.805

Phase 5.2 Clock Skew Optimization
Phase 5.2 Clock Skew Optimization | Checksum: 14d28bdbe

Time (s): cpu = 00:00:47 ; elapsed = 00:00:44 . Memory (MB): peak = 1985.891 ; gain = 75.805
Phase 5 Delay and Skew Optimization | Checksum: 14d28bdbe

Time (s): cpu = 00:00:47 ; elapsed = 00:00:44 . Memory (MB): peak = 1985.891 ; gain = 75.805

Phase 6 Post Hold Fix

Phase 6.1 Hold Fix Iter

Phase 6.1.1 Update Timing
Phase 6.1.1 Update Timing | Checksum: 195eaa71e

Time (s): cpu = 00:00:47 ; elapsed = 00:00:44 . Memory (MB): peak = 1985.891 ; gain = 75.805
INFO: [Route 35-416] Intermediate Timing Summary | WNS=5.662  | TNS=0.000  | WHS=0.033  | THS=0.000  |

Phase 6.1 Hold Fix Iter | Checksum: 19fb72e59

Time (s): cpu = 00:00:47 ; elapsed = 00:00:44 . Memory (MB): peak = 1985.891 ; gain = 75.805
Phase 6 Post Hold Fix | Checksum: 19fb72e59

Time (s): cpu = 00:00:47 ; elapsed = 00:00:44 . Memory (MB): peak = 1985.891 ; gain = 75.805

Phase 7 Route finalize

Router Utilization Summary
  Global Vertical Routing Utilization    = 0.166627 %
  Global Horizontal Routing Utilization  = 0.12988 %
  Routable Net Status*
  *Does not include unroutable nets such as driverless and loadless.
  Run report_route_status for detailed report.
  Number of Failed Nets               = 0
    (Failed Nets is the sum of unrouted and partially routed nets)
  Number of Unrouted Nets             = 0
  Number of Partially Routed Nets     = 0
  Number of Node Overlaps             = 0

Phase 7 Route finalize | Checksum: 2019b2db2

Time (s): cpu = 00:00:47 ; elapsed = 00:00:44 . Memory (MB): peak = 1985.891 ; gain = 75.805

Phase 8 Verifying routed nets

 Verification completed successfully
Phase 8 Verifying routed nets | Checksum: 2019b2db2

Time (s): cpu = 00:00:47 ; elapsed = 00:00:44 . Memory (MB): peak = 1986.543 ; gain = 76.457

Phase 9 Depositing Routes
Phase 9 Depositing Routes | Checksum: 1a5967c47

Time (s): cpu = 00:00:47 ; elapsed = 00:00:44 . Memory (MB): peak = 1986.543 ; gain = 76.457

Phase 10 Post Router Timing
INFO: [Route 35-57] Estimated Timing Summary | WNS=5.662  | TNS=0.000  | WHS=0.033  | THS=0.000  |

INFO: [Route 35-327] The final timing numbers are based on the router estimated timing analysis. For a complete and accurate timing signoff, please run report_timing_summary.
Phase 10 Post Router Timing | Checksum: 1a5967c47

Time (s): cpu = 00:00:47 ; elapsed = 00:00:44 . Memory (MB): peak = 1986.543 ; gain = 76.457
INFO: [Route 35-16] Router Completed Successfully

Phase 11 Post-Route Event Processing
Phase 11 Post-Route Event Processing | Checksum: eb8745cf

Time (s): cpu = 00:00:47 ; elapsed = 00:00:44 . Memory (MB): peak = 1986.543 ; gain = 76.457

Time (s): cpu = 00:00:47 ; elapsed = 00:00:44 . Memory (MB): peak = 1986.543 ; gain = 76.457

Routing Is Done.
INFO: [Common 17-83] Releasing license: Implementation
89 Infos, 0 Warnings, 0 Critical Warnings and 0 Errors encountered.
route_design completed successfully
route_design: Time (s): cpu = 00:00:49 ; elapsed = 00:00:46 . Memory (MB): peak = 1986.543 ; gain = 89.504
INFO: [runtcl-4] Executing : report_drc -file TopFile_drc_routed.rpt -pb TopFile_drc_routed.pb -rpx TopFile_drc_routed.rpx
Command: report_drc -file TopFile_drc_routed.rpt -pb TopFile_drc_routed.pb -rpx TopFile_drc_routed.rpx
INFO: [IP_Flow 19-1839] IP Catalog is up to date.
INFO: [DRC 23-27] Running DRC with 2 threads
INFO: [Vivado_Tcl 2-168] The results of DRC are in file C:/Users/DurkusMaximus/Desktop/Xilinx/ADAC/ADAC.runs/impl_1/TopFile_drc_routed.rpt.
report_drc completed successfully
INFO: [runtcl-4] Executing : report_methodology -file TopFile_methodology_drc_routed.rpt -pb TopFile_methodology_drc_routed.pb -rpx TopFile_methodology_drc_routed.rpx
Command: report_methodology -file TopFile_methodology_drc_routed.rpt -pb TopFile_methodology_drc_routed.pb -rpx TopFile_methodology_drc_routed.rpx
INFO: [Constraints 18-483] create_clock: no pin(s)/port(s)/net(s) specified as objects, only virtual clock 'extern_clk' will be created. If you don't want this, please specify pin(s)/ports(s)/net(s) as objects to the command. [C:/Users/DurkusMaximus/Desktop/Xilinx/ADAC/ADAC.srcs/constrs_1/imports/digilent-xdc-master/Basys-3-Master.xdc:9]
INFO: [Timing 38-35] Done setting XDC timing constraints.
INFO: [DRC 23-133] Running Methodology with 2 threads
INFO: [Vivado_Tcl 2-1520] The results of Report Methodology are in file C:/Users/DurkusMaximus/Desktop/Xilinx/ADAC/ADAC.runs/impl_1/TopFile_methodology_drc_routed.rpt.
report_methodology completed successfully
INFO: [runtcl-4] Executing : report_power -file TopFile_power_routed.rpt -pb TopFile_power_summary_routed.pb -rpx TopFile_power_routed.rpx
Command: report_power -file TopFile_power_routed.rpt -pb TopFile_power_summary_routed.pb -rpx TopFile_power_routed.rpx
INFO: [Constraints 18-483] create_clock: no pin(s)/port(s)/net(s) specified as objects, only virtual clock 'extern_clk' will be created. If you don't want this, please specify pin(s)/ports(s)/net(s) as objects to the command. [C:/Users/DurkusMaximus/Desktop/Xilinx/ADAC/ADAC.srcs/constrs_1/imports/digilent-xdc-master/Basys-3-Master.xdc:9]
INFO: [Timing 38-35] Done setting XDC timing constraints.
Running Vector-less Activity Propagation...

Finished Running Vector-less Activity Propagation
101 Infos, 0 Warnings, 0 Critical Warnings and 0 Errors encountered.
report_power completed successfully
INFO: [runtcl-4] Executing : report_route_status -file TopFile_route_status.rpt -pb TopFile_route_status.pb
INFO: [runtcl-4] Executing : report_timing_summary -max_paths 10 -report_unconstrained -file TopFile_timing_summary_routed.rpt -pb TopFile_timing_summary_routed.pb -rpx TopFile_timing_summary_routed.rpx -warn_on_violation 
INFO: [Timing 38-91] UpdateTimingParams: Speed grade: -1, Delay Type: min_max.
INFO: [Timing 38-191] Multithreading enabled for timing update using a maximum of 2 CPUs
INFO: [runtcl-4] Executing : report_incremental_reuse -file TopFile_incremental_reuse_routed.rpt
INFO: [Vivado_Tcl 4-1062] Incremental flow is disabled. No incremental reuse Info to report.
INFO: [runtcl-4] Executing : report_clock_utilization -file TopFile_clock_utilization_routed.rpt
INFO: [runtcl-4] Executing : report_bus_skew -warn_on_violation -file TopFile_bus_skew_routed.rpt -pb TopFile_bus_skew_routed.pb -rpx TopFile_bus_skew_routed.rpx
INFO: [Timing 38-91] UpdateTimingParams: Speed grade: -1, Delay Type: min_max.
INFO: [Timing 38-191] Multithreading enabled for timing update using a maximum of 2 CPUs
INFO: [Timing 38-480] Writing timing data to binary archive.
Writing XDEF routing.
Writing XDEF routing logical nets.
Writing XDEF routing special nets.
Write XDEF Complete: Time (s): cpu = 00:00:01 ; elapsed = 00:00:00.086 . Memory (MB): peak = 2028.469 ; gain = 0.000
INFO: [Common 17-1381] The checkpoint 'C:/Users/DurkusMaximus/Desktop/Xilinx/ADAC/ADAC.runs/impl_1/TopFile_routed.dcp' has been generated.
Command: write_bitstream -force TopFile.bit
Attempting to get a license for feature 'Implementation' and/or device 'xc7a35t'
INFO: [Common 17-349] Got license for feature 'Implementation' and/or device 'xc7a35t'
Running DRC as a precondition to command write_bitstream
INFO: [IP_Flow 19-1839] IP Catalog is up to date.
INFO: [DRC 23-27] Running DRC with 2 threads
INFO: [Vivado 12-3199] DRC finished with 0 Errors
INFO: [Vivado 12-3200] Please refer to the DRC report (report_drc) for more information.
INFO: [Designutils 20-2272] Running write_bitstream with 2 threads.
Loading data files...
Loading site data...
Loading route data...
Processing options...
Creating bitmap...
Creating bitstream...
Writing bitstream ./TopFile.bit...
INFO: [Vivado 12-1842] Bitgen Completed Successfully.
INFO: [Project 1-1876] WebTalk data collection is mandatory when using a ULT device. To see the specific WebTalk data collected for your design, open the usage_statistics_webtalk.html or usage_statistics_webtalk.xml file in the implementation directory.
INFO: [Common 17-83] Releasing license: Implementation
14 Infos, 0 Warnings, 0 Critical Warnings and 0 Errors encountered.
write_bitstream completed successfully
write_bitstream: Time (s): cpu = 00:00:16 ; elapsed = 00:00:14 . Memory (MB): peak = 2520.879 ; gain = 492.410
INFO: [Common 17-206] Exiting Vivado at Fri Oct 27 21:26:43 2023...
